<?xml version="1.0" encoding="UTF-8"?>
<!-- Generated by org.testng.reporters.JUnitReportReporter -->
<testsuite skipped="0" hostname="AithGGN1347" name="TestPackage1.TestClass2" tests="1" failures="0" timestamp="2022-06-21T17:06:58 IST" time="15.207" errors="0">
  <testcase name="LoginToAliS" time="15.207" classname="TestPackage1.TestClass2"/>
  <system-out/>
</testsuite> <!-- TestPackage1.TestClass2 -->
