<?xml version="1.0" encoding="UTF-8"?>
<!-- Generated by org.testng.reporters.JUnitReportReporter -->
<testsuite skipped="0" hostname="AithGGN1347" name="TestPackage2.TestClass2" tests="1" failures="0" timestamp="2022-06-22T15:14:54 IST" time="22.417" errors="0">
  <testcase name="LoginToAliS" time="22.417" classname="TestPackage2.TestClass2"/>
  <system-out/>
</testsuite> <!-- TestPackage2.TestClass2 -->
